

******************** Running Environment ********************
array size: 256, flit size: 1024
dataflow engine: timeloop
invoke timeloop-mapper: False, invoke timeloop-model: False
invoke baseline simulator: False, invoke focus software: False
task name: resnet50_resnext50_32x4d_vgg16_wide_resnet50_2
task layers: ['resnet50_layer1', 'resnet50_layer2', 'resnet50_layer3', 'resnet50_layer4', 'resnet50_layer5', 'resnet50_layer6', 'resnet50_layer7', 'resnet50_layer8', 'resnet50_layer9', 'resnet50_layer10', 'resnet50_layer11', 'resnet50_layer12', 'resnet50_layer13', 'resnet50_layer14', 'resnet50_layer15', 'resnet50_layer16', 'resnext50_32x4d_layer1', 'resnext50_32x4d_layer2', 'resnext50_32x4d_layer3', 'resnext50_32x4d_layer4', 'resnext50_32x4d_layer5', 'resnext50_32x4d_layer6', 'resnext50_32x4d_layer7', 'resnext50_32x4d_layer8', 'resnext50_32x4d_layer9', 'resnext50_32x4d_layer10', 'resnext50_32x4d_layer11', 'resnext50_32x4d_layer12', 'resnext50_32x4d_layer13', 'resnext50_32x4d_layer14', 'resnext50_32x4d_layer15', 'resnext50_32x4d_layer16', 'vgg16_layer1', 'vgg16_layer2', 'vgg16_layer3', 'vgg16_layer4', 'wide_resnet50_2_layer1', 'wide_resnet50_2_layer2', 'wide_resnet50_2_layer3', 'wide_resnet50_2_layer4', 'wide_resnet50_2_layer5', 'wide_resnet50_2_layer6', 'wide_resnet50_2_layer7', 'wide_resnet50_2_layer8', 'wide_resnet50_2_layer9', 'wide_resnet50_2_layer10', 'wide_resnet50_2_layer11', 'wide_resnet50_2_layer12', 'wide_resnet50_2_layer13', 'wide_resnet50_2_layer14', 'wide_resnet50_2_layer15', 'wide_resnet50_2_layer16']
PE Utilization: 0.94
************************************************************ 

Info: Working for resnet50_layer1
====================== FINISH =========================


Info: Working for resnet50_layer2
====================== FINISH =========================


Info: Working for resnet50_layer3
====================== FINISH =========================


Info: Working for resnet50_layer4
====================== FINISH =========================


Info: Working for resnet50_layer5
====================== FINISH =========================


Info: Working for resnet50_layer6
