nohup: ignoring input


******************** Running Environment ********************
array size: 36, flit size: 1024
dataflow engine: timeloop
invoke timeloop-mapper: True, invoke timeloop-model: True
invoke baseline simulator: True, invoke focus software: False
task name: bert
task layers: ['bert_layer1', 'bert_layer2', 'bert_layer3', 'bert_layer4', 'bert_layer5']
PE Utilization: 0.44
************************************************************ 

Generating the operator graph using timeloop
Info: Working for bert_layer1
Info: Mapper timeout!!
Info: Mapper search finished
timeloop-mapper.map.txt
Info: Communication status extraction finished
   counts datatype   dst flit  interval        layer   src  delay  fid
4    12.0   output  [-2]    2      96.0  bert_layer1   [0]   96.0    0
4    12.0   output  [-2]    2      96.0  bert_layer1   [1]   96.0    1
0    12.0   weight   [0]  195      96.0  bert_layer1  [-3]    NaN    2
1    12.0   weight   [1]  195      96.0  bert_layer1  [-3]    NaN    3
2    12.0    input   [0]    3      96.0  bert_layer1  [-1]    NaN    4
3    12.0    input   [1]    3      96.0  bert_layer1  [-1]    NaN    5
====================== FINISH =========================


Info: Working for bert_layer2
Info: Mapper timeout!!
Info: Mapper search finished
timeloop-mapper.map.txt
Info: Communication status extraction finished
   counts datatype     dst flit  interval        layer   src  delay  fid
4     8.0    input  [0, 2]    3      72.0  bert_layer2  [-1]    NaN    6
5     8.0    input  [1, 3]    3      72.0  bert_layer2  [-1]    NaN    7
6     2.0   output    [-2]    2     288.0  bert_layer2   [0]  288.0    8
6     2.0   output    [-2]    2     288.0  bert_layer2   [1]  288.0    9
7     2.0   output    [-2]    2     288.0  bert_layer2   [2]  288.0   10
7     2.0   output    [-2]    2     288.0  bert_layer2   [3]  288.0   11
0     8.0   weight     [0]  147      72.0  bert_layer2  [-3]    NaN   12
1     8.0   weight     [1]  147      72.0  bert_layer2  [-3]    NaN   13
2     8.0   weight     [2]  147      72.0  bert_layer2  [-3]    NaN   14
3     8.0   weight     [3]  147      72.0  bert_layer2  [-3]    NaN   15
====================== FINISH =========================


Info: Working for bert_layer3
Info: Mapper timeout!!
Info: Mapper search finished
timeloop-mapper.map.txt
Info: Communication status extraction finished
   counts datatype   dst flit  interval        layer   src  delay  fid
4    12.0   output  [-2]    2      96.0  bert_layer3   [0]   96.0   17
4    12.0   output  [-2]    2      96.0  bert_layer3   [1]   96.0   18
0    12.0   weight   [0]  195      96.0  bert_layer3  [-3]    NaN   19
1    12.0   weight   [1]  195      96.0  bert_layer3  [-3]    NaN   20
2    12.0    input   [0]    3      96.0  bert_layer3  [-1]    NaN   21
3    12.0    input   [1]    3      96.0  bert_layer3  [-1]    NaN   22
====================== FINISH =========================


Info: Working for bert_layer4
Info: Mapper timeout!!
Info: Mapper search finished
timeloop-mapper.map.txt
Info: Communication status extraction finished
   counts datatype   dst flit  interval        layer   src  delay  fid
4    12.0   output  [-2]    2      96.0  bert_layer4   [0]   96.0   24
4    12.0   output  [-2]    2      96.0  bert_layer4   [1]   96.0   25
0    12.0   weight   [0]  195      96.0  bert_layer4  [-3]    NaN   26
1    12.0   weight   [1]  195      96.0  bert_layer4  [-3]    NaN   27
2    12.0    input   [0]    3      96.0  bert_layer4  [-1]    NaN   28
3    12.0    input   [1]    3      96.0  bert_layer4  [-1]    NaN   29
====================== FINISH =========================


Info: Working for bert_layer5
Info: Mapper timeout!!
Info: Mapper search finished
timeloop-mapper.map.txt
Info: Communication status extraction finished
   counts datatype     dst flit  interval        layer   src  delay  fid
2    32.0    input  [0, 1]    3     144.0  bert_layer5  [-1]    NaN   31
3     8.0   output    [-2]    2     576.0  bert_layer5   [0]  576.0   32
4     8.0   output    [-2]    2     576.0  bert_layer5   [1]  576.0   33
0    32.0   weight     [0]  291     144.0  bert_layer5  [-3]    NaN   34
1    32.0   weight     [1]  291     144.0  bert_layer5  [-3]    NaN   35
====================== FINISH =========================


core:  [6, 7, 8, 9, 10, 11, 12, 13, 14, 15, 16, 17, 18, 19, 20, 21, 22, 23, 24, 25, 26, 27, 28, 29, 30, 31, 32, 33, 34, 35]
mem controller:  [0, 1, 2, 3, 4, 5]
Applying Mapping: [-1, -1, -1, -1, 1, 2, 1, 4, 1, 4, 3, 0, 3, 0, 4, 1]
Applying Mapping: [-1, -1, -1, -1, 1, 2, 1, 4, 1, 4, 3, -1, 3, 0, 4, 1]
Applying Mapping: [-1, -1, -1, -1, 1, 2, 1, 4, 1, 4, 3, -1, 3, -1, 4, 1]
Applying Mapping: [-1, -1, -1, -1, -1, 2, 1, 4, 1, 4, 3, -1, 3, -1, 4, 1]
Applying Mapping: [-1, -1, -1, -1, -1, 2, -1, 4, 1, 4, 3, -1, 3, -1, 4, 1]
Applying Mapping: [-1, -1, -1, -1, -1, 2, -1, 4, -1, 4, 3, -1, 3, -1, 4, 1]
Applying Mapping: [-1, -1, -1, -1, -1, 2, -1, 4, -1, 4, 3, -1, 3, -1, 4, -1]
Applying Mapping: [-1, -1, -1, -1, -1, -1, -1, 4, -1, 4, 3, -1, 3, -1, 4, -1]
Traceback (most recent call last):
  File "focus.py", line 149, in <module>
    run_single_task()
  File "focus.py", line 101, in run_single_task
    toolchain.compileTask()
  File "/home/jingchen/focus-new/focus_scheduler/compiler/toolchain.py", line 68, in compileTask
    self._map_operators(op_graph)
  File "/home/jingchen/focus-new/focus_scheduler/compiler/toolchain.py", line 96, in _map_operators
    mapper.map()
  File "/home/jingchen/focus-new/focus_scheduler/compiler/mapping_algorithms/mapper.py", line 21, in map
    pe = self._map(cluster_to_map)
  File "/home/jingchen/focus-new/focus_scheduler/compiler/mapping_algorithms/genetic_mapper.py", line 40, in _map
    return self.__map_to_core(selected_cluster)
  File "/home/jingchen/focus-new/focus_scheduler/compiler/mapping_algorithms/genetic_mapper.py", line 56, in __map_to_core
    pe = self.mapping_res.index(value)
ValueError: 2 is not in list
