

******************** Running Environment ********************
array size: 36, flit size: 1024
dataflow engine: timeloop
invoke timeloop-mapper: True, invoke timeloop-model: True
invoke baseline simulator: True, invoke focus software: False
task name: bert
task layers: ['bert_layer1', 'bert_layer2', 'bert_layer3', 'bert_layer4', 'bert_layer5']
PE Utilization: 0.44
************************************************************ 

Generating the operator graph using timeloop
Info: Working for bert_layer1
Info: Mapper timeout!!
Info: Mapper search finished
timeloop-mapper.map.txt
Info: Communication status extraction finished
   counts datatype        dst flit  interval        layer   src  delay  fid
3     6.0    input  [0, 1, 2]    3     128.0  bert_layer1  [-1]    NaN    0
4     1.0   output       [-2]    3     768.0  bert_layer1   [0]  768.0    1
5     1.0   output       [-2]    3     768.0  bert_layer1   [1]  768.0    2
6     1.0   output       [-2]    3     768.0  bert_layer1   [2]  768.0    3
0     6.0   weight        [0]  259     128.0  bert_layer1  [-3]    NaN    4
1     6.0   weight        [1]  259     128.0  bert_layer1  [-3]    NaN    5
2     6.0   weight        [2]  259     128.0  bert_layer1  [-3]    NaN    6
====================== FINISH =========================


Info: Working for bert_layer2
Info: Mapper timeout!!
Info: Mapper search finished
timeloop-mapper.map.txt
Info: Communication status extraction finished
   counts datatype        dst flit  interval        layer   src  delay  fid
3     6.0    input  [0, 1, 2]    3     128.0  bert_layer2  [-1]    NaN    7
4     1.0   output       [-2]    3     768.0  bert_layer2   [0]  768.0    8
5     1.0   output       [-2]    3     768.0  bert_layer2   [1]  768.0    9
6     1.0   output       [-2]    3     768.0  bert_layer2   [2]  768.0   10
0     6.0   weight        [0]  259     128.0  bert_layer2  [-3]    NaN   11
1     6.0   weight        [1]  259     128.0  bert_layer2  [-3]    NaN   12
2     6.0   weight        [2]  259     128.0  bert_layer2  [-3]    NaN   13
====================== FINISH =========================


Info: Working for bert_layer3
Info: Mapper timeout!!
Info: Mapper search finished
timeloop-mapper.map.txt
Info: Communication status extraction finished
   counts datatype        dst flit  interval        layer   src  delay  fid
3     6.0    input  [0, 1, 2]    3     128.0  bert_layer3  [-1]    NaN   15
4     1.0   output       [-2]    3     768.0  bert_layer3   [0]  768.0   16
5     1.0   output       [-2]    3     768.0  bert_layer3   [1]  768.0   17
6     1.0   output       [-2]    3     768.0  bert_layer3   [2]  768.0   18
0     6.0   weight        [0]  259     128.0  bert_layer3  [-3]    NaN   19
1     6.0   weight        [1]  259     128.0  bert_layer3  [-3]    NaN   20
2     6.0   weight        [2]  259     128.0  bert_layer3  [-3]    NaN   21
====================== FINISH =========================


Info: Working for bert_layer4
Info: Mapper timeout!!
Info: Mapper search finished
timeloop-mapper.map.txt
Info: Communication status extraction finished
   counts datatype        dst flit  interval        layer   src  delay  fid
3     6.0    input  [0, 1, 2]    3     128.0  bert_layer4  [-1]    NaN   23
4     1.0   output       [-2]    3     768.0  bert_layer4   [0]  768.0   24
5     1.0   output       [-2]    3     768.0  bert_layer4   [1]  768.0   25
6     1.0   output       [-2]    3     768.0  bert_layer4   [2]  768.0   26
0     6.0   weight        [0]  259     128.0  bert_layer4  [-3]    NaN   27
1     6.0   weight        [1]  259     128.0  bert_layer4  [-3]    NaN   28
2     6.0   weight        [2]  259     128.0  bert_layer4  [-3]    NaN   29
====================== FINISH =========================


Info: Working for bert_layer5
Info: Mapper timeout!!
Info: Mapper search finished
timeloop-mapper.map.txt
Info: Communication status extraction finished
   counts datatype   dst flit  interval        layer   src  delay  fid
8   384.0   output  [-2]    2       8.0  bert_layer5   [0]    8.0   31
8   384.0   output  [-2]    2       8.0  bert_layer5   [1]    8.0   32
8   384.0   output  [-2]    2       8.0  bert_layer5   [2]    8.0   33
8   384.0   output  [-2]    2       8.0  bert_layer5   [3]    8.0   34
0   384.0   weight   [0]   15       8.0  bert_layer5  [-3]    NaN   35
1   384.0   weight   [1]   15       8.0  bert_layer5  [-3]    NaN   36
2   384.0   weight   [2]   15       8.0  bert_layer5  [-3]    NaN   37
3   384.0   weight   [3]   15       8.0  bert_layer5  [-3]    NaN   38
4   384.0    input   [0]    3       8.0  bert_layer5  [-1]    NaN   39
5   384.0    input   [1]    3       8.0  bert_layer5  [-1]    NaN   40
6   384.0    input   [2]    3       8.0  bert_layer5  [-1]    NaN   41
7   384.0    input   [3]    3       8.0  bert_layer5  [-1]    NaN   42
====================== FINISH =========================


core:  [6, 7, 8, 9, 10, 11, 12, 13, 14, 15, 16, 17, 18, 19, 20, 21, 22, 23, 24, 25, 26, 27, 28, 29, 30, 31, 32, 33, 34, 35]
mem controller:  [0, 1, 2, 3, 4, 5]
[-1, -1, -1, -1, -1, -1, -1, 1, 2, 3, 4, -1, -1, 0, 2, 1, 4, -1, -1, 3, 0, 0, 2, -1, -1, 4, 3, 1, 4, -1, -1, -1, -1, -1, -1, -1]
METRO software takes: 99.72543692588806 seconds
