bert_b1w1024_32x32 32 1024 1.0778256704980842 41760.0 86770
mobilenet_v3_large_b1w1024_32x32 32 1024 0.6330210069112465 183035.0 298900
bert_b1w512_32x32 32 512 1.1037835249042145 41760.0 87854
bert_b1w256_32x32 32 256 1.7660201149425288 41760.0 115509
mobilenet_v3_large_b1w256_32x32 32 256 0.6393203485672139 183035.0 300053
mobilenet_v3_large_b1w512_32x32 32 512 0.6339552544595296 183035.0 299071
bert-large_b1w1024_32x32 32 1024 4.383930821572581 63488.0 341815
bert-large_b1w512_32x32 32 512 4.385238155241935 63488.0 341898
bert-large_b1w256_32x32 32 256 4.681687878024194 63488.0 360719
resnet50_b1w1024_32x32 32 1024 0.36400034480255516 1763328.0 2405180
resnet50_b1w256_32x32 32 256 0.4239035505589431 1763328.0 2510809
resnet50_b1w512_32x32 32 512 0.3640252976190476 1763328.0 2405224
vgg16_b1w512_32x32 32 512 0.08646634702822639 3518976.0 3823249
vgg16_b1w256_32x32 32 256 0.08826203986614288 3518976.0 3829568
vgg16_b1w1024_32x32 32 1024 0.08558029381274553 3518976.0 3820131
wide_resnet50_2_b1w512_32x32 32 512 0.20193690443910753 4956672.0 5957607
wide_resnet50_2_b1w1024_32x32 32 1024 0.2019122911501911 4956672.0 5957485
wide_resnet50_2_b1w256_32x32 32 256 0.2169265991374858 4956672.0 6031906



bert_b1w256_32x32 32 256 1.7778256704980844 41760.0 116002
mobilenet_v3_large_b1w256_32x32 32 256 0.6425547026524981 183035.0 300645
resnet50_b1w256_32x32 32 256 0.42413096145470386 1763328.0 2511210


bert_b1w256_32x32 32 256 1.7578065134099616 41760.0 115166
mobilenet_v3_large_b1w256_32x32 32 256 0.6370420957740323 183035.0 299636
resnet50_b1w256_32x32 32 256 0.4214995735336818 1763328.0 2506570


bert_b1w512_32x32 32 512 1.100383141762452 41760.0 87712
mobilenet_v3_large_b1w512_32x32 32 512 0.6304094845248177 183035.0 298422
resnet50_b1w512_32x32 32 512 0.36139504391695704 1763328.0 2400586
wide_resnet50_2_b1w512_32x32 32 512 0.2019536495455015 4956672.0 5957690
