Generate 100 individuals Parallel
Start Evolution Search...
Start Generation=0
Now Best score: -27141.546875 Best Individual <individual.Individual object at 0x7fbbc486df98>
Start Mutation
<individual.Individual object at 0x7fbbc4bda8d0>
<individual.Individual object at 0x7fbbc4b7e208>
<individual.Individual object at 0x7fbbc49b5780>
<individual.Individual object at 0x7fbbc48d03c8>
<individual.Individual object at 0x7fbbc4948358>
<individual.Individual object at 0x7fbbc4785240>
<individual.Individual object at 0x7fbbc4980550>
<individual.Individual object at 0x7fbb6962f4e0>
<individual.Individual object at 0x7fbb6963f7f0>
<individual.Individual object at 0x7fbbc485c470>
<individual.Individual object at 0x7fbbc48fd278>
<individual.Individual object at 0x7fbbc48a62e8>
<individual.Individual object at 0x7fbbc4bda8d0>
<individual.Individual object at 0x7fbbc4bda8d0>
<individual.Individual object at 0x7fbbc48a62e8>
<individual.Individual object at 0x7fbbc4c63978>
<individual.Individual object at 0x7fbbc495ab38>
<individual.Individual object at 0x7fbbc4834c88>
<individual.Individual object at 0x7fbbc4a050b8>
<individual.Individual object at 0x7fbb6962f4e0>
<individual.Individual object at 0x7fbbc49335c0>
<individual.Individual object at 0x7fbbc4a5d7f0>
<individual.Individual object at 0x7fbbc4ac87b8>
<individual.Individual object at 0x7fbbc4834c88>
<individual.Individual object at 0x7fbbc4a5d6d8>
Start Crossover
Start Generation=1
Now Best score: -27141.546875 Best Individual <individual.Individual object at 0x7fbbc486df98>
Start Mutation
<individual.Individual object at 0x7fbbc4a054a8>
<individual.Individual object at 0x7fbbc4873470>
<individual.Individual object at 0x7fbbc4b1f358>
<individual.Individual object at 0x7fbbc4990320>
<individual.Individual object at 0x7fbbc485c470>
<individual.Individual object at 0x7fbbc49335c0>
<individual.Individual object at 0x7fbbc4a5d6d8>
<individual.Individual object at 0x7fbbc4a71f98>
<individual.Individual object at 0x7fbbc48d03c8>
<individual.Individual object at 0x7fbbc4b0f710>
<individual.Individual object at 0x7fbbc4b0f710>
<individual.Individual object at 0x7fbbc4a85860>
<individual.Individual object at 0x7fbbc4785240>
<individual.Individual object at 0x7fbbc4ab9d30>
<individual.Individual object at 0x7fbbc4b1e9e8>
<individual.Individual object at 0x7fbbc474d860>
<individual.Individual object at 0x7fbbc47fa438>
<individual.Individual object at 0x7fbbc4ba1128>
<individual.Individual object at 0x7fbbc4a71f98>
<individual.Individual object at 0x7fbbc4bf4390>
<individual.Individual object at 0x7fbbc4a5d6d8>
<individual.Individual object at 0x7fbbc4a054a8>
<individual.Individual object at 0x7fbbc4a71f98>
<individual.Individual object at 0x7fbbc49a4a20>
<individual.Individual object at 0x7fbbc480e860>
Start Crossover
Start Generation=2
Now Best score: -27141.546875 Best Individual <individual.Individual object at 0x7fbbc486df98>
Start Mutation
<individual.Individual object at 0x7fbbc49d8ac8>
<individual.Individual object at 0x7fbbc49eea90>
<individual.Individual object at 0x7fbbc491f160>
<individual.Individual object at 0x7fbbc4980a90>
<individual.Individual object at 0x7fbbc49b5c88>
<individual.Individual object at 0x7fbbc4ba14e0>
<individual.Individual object at 0x7fbbc486df98>
<individual.Individual object at 0x7fbbc4873470>
<individual.Individual object at 0x7fbb69652080>
<individual.Individual object at 0x7fbbc4a71f98>
<individual.Individual object at 0x7fbbc4990630>
<individual.Individual object at 0x7fbbc4a5d710>
<individual.Individual object at 0x7fbbc474d860>
<individual.Individual object at 0x7fbbc4a3af28>
<individual.Individual object at 0x7fbbc4cb1eb8>
<individual.Individual object at 0x7fbbc49804a8>
<individual.Individual object at 0x7fbbc486df98>
<individual.Individual object at 0x7fbbc48a62e8>
<individual.Individual object at 0x7fbbc490dbe0>
<individual.Individual object at 0x7fbbc4ba14e0>
<individual.Individual object at 0x7fbbc47a4d68>
<individual.Individual object at 0x7fbbc49b5c88>
<individual.Individual object at 0x7fbbc4785978>
<individual.Individual object at 0x7fbbc4834c88>
<individual.Individual object at 0x7fbbc49b5c88>
Start Crossover
Start Generation=3
Now Best score: -26061.921875 Best Individual <individual.Individual object at 0x7fbbc47c0940>
Start Mutation
<individual.Individual object at 0x7fbbc48fd278>
<individual.Individual object at 0x7fbbc4b0f2e8>
<individual.Individual object at 0x7fbbc48fd278>
<individual.Individual object at 0x7fbb69652080>
<individual.Individual object at 0x7fbbc4c999b0>
<individual.Individual object at 0x7fbbc495ab00>
<individual.Individual object at 0x7fbbc4a5ddd8>
<individual.Individual object at 0x7fbbc480e860>
<individual.Individual object at 0x7fbbc492d240>
<individual.Individual object at 0x7fbbc491f160>
<individual.Individual object at 0x7fbbc495ab00>
<individual.Individual object at 0x7fbbc48d0550>
<individual.Individual object at 0x7fbbc4ab95f8>
<individual.Individual object at 0x7fbb69652080>
<individual.Individual object at 0x7fbbc4b0f710>
<individual.Individual object at 0x7fbb69652080>
<individual.Individual object at 0x7fbbc481c860>
<individual.Individual object at 0x7fbbc4c93f60>
<individual.Individual object at 0x7fbbc496cf98>
<individual.Individual object at 0x7fbb69652f98>
<individual.Individual object at 0x7fbbc4a71f98>
<individual.Individual object at 0x7fbbc4b2e860>
<individual.Individual object at 0x7fbbc4ab99e8>
<individual.Individual object at 0x7fbbc4cb1eb8>
<individual.Individual object at 0x7fbbc4785978>
Start Crossover
Start Generation=4
Now Best score: -26061.921875 Best Individual <individual.Individual object at 0x7fbbc47c0940>
Start Mutation
<individual.Individual object at 0x7fbbc4c9c710>
<individual.Individual object at 0x7fbbc4b2e550>
<individual.Individual object at 0x7fbbc4b35828>
<individual.Individual object at 0x7fbbc4b35828>
<individual.Individual object at 0x7fbbc491f160>
<individual.Individual object at 0x7fbb69652f98>
<individual.Individual object at 0x7fbbc4b2e748>
<individual.Individual object at 0x7fbbc49332e8>
<individual.Individual object at 0x7fbbc4980550>
<individual.Individual object at 0x7fbbc430cb70>
<individual.Individual object at 0x7fbbc49804a8>
<individual.Individual object at 0x7fbbc4b2e550>
<individual.Individual object at 0x7fbbc4a5ddd8>
<individual.Individual object at 0x7fbbc4b8dcc0>
<individual.Individual object at 0x7fbbc495ab00>
<individual.Individual object at 0x7fbbc49332e8>
<individual.Individual object at 0x7fbbc4c23710>
<individual.Individual object at 0x7fbbc4c3d898>
<individual.Individual object at 0x7fbbc491f160>
<individual.Individual object at 0x7fbbc49487f0>
<individual.Individual object at 0x7fbbc49332e8>
<individual.Individual object at 0x7fbbc4c83ac8>
<individual.Individual object at 0x7fbbc49804a8>
<individual.Individual object at 0x7fbbc4980550>
<individual.Individual object at 0x7fbbc4b2e860>
Start Crossover
Start Generation=5
Now Best score: -26061.921875 Best Individual <individual.Individual object at 0x7fbbc47c0940>
Start Mutation
<individual.Individual object at 0x7fbbc4c3d898>
<individual.Individual object at 0x7fbbc4b8dcc0>
<individual.Individual object at 0x7fbbc4c999b0>
<individual.Individual object at 0x7fbbc49d8ac8>
<individual.Individual object at 0x7fbbc4c3d710>
<individual.Individual object at 0x7fbbc4b314e0>
<individual.Individual object at 0x7fbbc4785978>
<individual.Individual object at 0x7fbbc4b7e198>
<individual.Individual object at 0x7fbbc4c149b0>
<individual.Individual object at 0x7fbbc47fa588>
<individual.Individual object at 0x7fbbc4b0f2e8>
<individual.Individual object at 0x7fbbc4b2e860>
<individual.Individual object at 0x7fbbc4c83ac8>
<individual.Individual object at 0x7fbbc48d0550>
<individual.Individual object at 0x7fbbc491f160>
<individual.Individual object at 0x7fbbc4c23710>
<individual.Individual object at 0x7fbbc48e2c88>
<individual.Individual object at 0x7fbbc4ad07f0>
<individual.Individual object at 0x7fbbc481c860>
<individual.Individual object at 0x7fbbc4980a90>
<individual.Individual object at 0x7fbbc4b12fd0>
<individual.Individual object at 0x7fbbc48d0390>
<individual.Individual object at 0x7fbbc4b7ef60>
<individual.Individual object at 0x7fbbc4b75b00>
<individual.Individual object at 0x7fbbc48af588>
Start Crossover
Start Generation=6
Now Best score: -25189.9375 Best Individual <individual.Individual object at 0x7fbbc4b0d358>
Start Mutation
<individual.Individual object at 0x7fbbc4b35828>
<individual.Individual object at 0x7fbb69652358>
<individual.Individual object at 0x7fbbc48af588>
<individual.Individual object at 0x7fbbc4c149b0>
<individual.Individual object at 0x7fbbc4c93908>
<individual.Individual object at 0x7fbbc4b0d358>
<individual.Individual object at 0x7fbbc4b2e7f0>
<individual.Individual object at 0x7fbbc47fa588>
<individual.Individual object at 0x7fbbc4785fd0>
<individual.Individual object at 0x7fbb69652358>
<individual.Individual object at 0x7fbbc4b0d358>
<individual.Individual object at 0x7fbbc4819780>
<individual.Individual object at 0x7fbbc4b75b00>
<individual.Individual object at 0x7fbbc4b314e0>
<individual.Individual object at 0x7fbbc47fa908>
<individual.Individual object at 0x7fbbc49487f0>
<individual.Individual object at 0x7fbbc4b35828>
<individual.Individual object at 0x7fbbc430c4a8>
<individual.Individual object at 0x7fbbc4785fd0>
<individual.Individual object at 0x7fbbc48a2a90>
<individual.Individual object at 0x7fbbc4c9c710>
<individual.Individual object at 0x7fbbc4c23710>
<individual.Individual object at 0x7fbbc4b314e0>
<individual.Individual object at 0x7fbbc474dfd0>
<individual.Individual object at 0x7fbbc48d0550>
Start Crossover
Start Generation=7
Now Best score: -25189.9375 Best Individual <individual.Individual object at 0x7fbbc4b0d358>
Start Mutation
<individual.Individual object at 0x7fbbc4b8d4a8>
<individual.Individual object at 0x7fbbc4b354e0>
<individual.Individual object at 0x7fbbc47c0940>
<individual.Individual object at 0x7fbbc49c4048>
<individual.Individual object at 0x7fbbc4b75b00>
<individual.Individual object at 0x7fbbc474dfd0>
<individual.Individual object at 0x7fbbc48081d0>
<individual.Individual object at 0x7fbb69652358>
<individual.Individual object at 0x7fbbc4b354e0>
<individual.Individual object at 0x7fbbc4ad0c50>
<individual.Individual object at 0x7fbb696648d0>
<individual.Individual object at 0x7fbbc4905fd0>
<individual.Individual object at 0x7fbbc4933358>
<individual.Individual object at 0x7fbbc4ad0c50>
<individual.Individual object at 0x7fbbc47379b0>
<individual.Individual object at 0x7fbbc49ef2b0>
<individual.Individual object at 0x7fbbc4c93908>
<individual.Individual object at 0x7fbbc4b0d358>
<individual.Individual object at 0x7fbbc4ad07f0>
<individual.Individual object at 0x7fbbc48e2b38>
<individual.Individual object at 0x7fbbc4c23828>
<individual.Individual object at 0x7fbb69652080>
<individual.Individual object at 0x7fbbc49c4048>
<individual.Individual object at 0x7fbbc4b35828>
<individual.Individual object at 0x7fbbc4c93908>
Start Crossover
Start Generation=8
Now Best score: -23927.296875 Best Individual <individual.Individual object at 0x7fbbc4c99f28>
Start Mutation
<individual.Individual object at 0x7fbbc49ef208>
<individual.Individual object at 0x7fbbc480e7b8>
<individual.Individual object at 0x7fbbc4b75f98>
<individual.Individual object at 0x7fbbc48081d0>
<individual.Individual object at 0x7fbbc4c93908>
<individual.Individual object at 0x7fbbc4892f28>
<individual.Individual object at 0x7fbbc4bf4588>
<individual.Individual object at 0x7fbbc486df98>
<individual.Individual object at 0x7fbbc47c0940>
<individual.Individual object at 0x7fbbc49ef2b0>
<individual.Individual object at 0x7fbbc4c999b0>
<individual.Individual object at 0x7fbbc48e2b38>
<individual.Individual object at 0x7fbbc49ef2b0>
<individual.Individual object at 0x7fbbc480e7b8>
<individual.Individual object at 0x7fbbc4b8d4a8>
<individual.Individual object at 0x7fbbc491f1d0>
<individual.Individual object at 0x7fbbc4b314e0>
<individual.Individual object at 0x7fbbc4b2e860>
<individual.Individual object at 0x7fbbc4785fd0>
<individual.Individual object at 0x7fbbc4b8d4a8>
<individual.Individual object at 0x7fbbc4ad07f0>
<individual.Individual object at 0x7fbbc48d0550>
<individual.Individual object at 0x7fbbc4892f28>
<individual.Individual object at 0x7fbbc4b2e7f0>
<individual.Individual object at 0x7fbbc4b75b00>
Start Crossover
Start Generation=9
Now Best score: -23927.296875 Best Individual <individual.Individual object at 0x7fbbc4c99f28>
Start Mutation
<individual.Individual object at 0x7fbbc4b75f98>
<individual.Individual object at 0x7fbbc4c99f28>
<individual.Individual object at 0x7fbbc47852b0>
<individual.Individual object at 0x7fbbc4ad0390>
<individual.Individual object at 0x7fbbc47c0940>
<individual.Individual object at 0x7fbbc474dfd0>
<individual.Individual object at 0x7fbbc4972e48>
<individual.Individual object at 0x7fbb69652358>
<individual.Individual object at 0x7fbbc481c860>
<individual.Individual object at 0x7fbbc4b75f98>
<individual.Individual object at 0x7fbb696648d0>
<individual.Individual object at 0x7fbbc4b75f98>
<individual.Individual object at 0x7fbbc495ab00>
<individual.Individual object at 0x7fbbc4972e48>
<individual.Individual object at 0x7fbbc492d240>
<individual.Individual object at 0x7fbb69652358>
<individual.Individual object at 0x7fbbc4785fd0>
<individual.Individual object at 0x7fbbc4b35a58>
<individual.Individual object at 0x7fbbc49c4048>
<individual.Individual object at 0x7fbbc480e860>
<individual.Individual object at 0x7fbbc4b35a58>
<individual.Individual object at 0x7fbbc4b2e748>
<individual.Individual object at 0x7fbbc4785978>
<individual.Individual object at 0x7fbbc4b2e748>
<individual.Individual object at 0x7fbbc47852b0>
Start Crossover
Start Generation=10
Now Best score: -23927.296875 Best Individual <individual.Individual object at 0x7fbbc4c99f28>
Start Mutation
<individual.Individual object at 0x7fbbc496c5c0>
<individual.Individual object at 0x7fbbc4b75f98>
<individual.Individual object at 0x7fbbc4c9cda0>
<individual.Individual object at 0x7fbbc4b2e7f0>
<individual.Individual object at 0x7fbbc474dfd0>
<individual.Individual object at 0x7fbbc4b1ef28>
<individual.Individual object at 0x7fbbc4ad0be0>
<individual.Individual object at 0x7fbbc4797470>
<individual.Individual object at 0x7fbbc492ac50>
<individual.Individual object at 0x7fbbc4882f28>
<individual.Individual object at 0x7fbbc4ad0be0>
<individual.Individual object at 0x7fbbc4c23828>
<individual.Individual object at 0x7fbbc48347b8>
<individual.Individual object at 0x7fbbc49ef208>
<individual.Individual object at 0x7fbbc4972fd0>
<individual.Individual object at 0x7fbbc4c63d68>
<individual.Individual object at 0x7fbbc4c149b0>
<individual.Individual object at 0x7fbbc49ef208>
<individual.Individual object at 0x7fbbc47c0940>
<individual.Individual object at 0x7fbbc49ef208>
<individual.Individual object at 0x7fbbc486df98>
<individual.Individual object at 0x7fbbc495ab00>
<individual.Individual object at 0x7fbbc49c4048>
<individual.Individual object at 0x7fbbc4c63d68>
<individual.Individual object at 0x7fbbc4ad0390>
Start Crossover
Start Generation=11
Now Best score: -23927.296875 Best Individual <individual.Individual object at 0x7fbbc4c99f28>
Start Mutation
<individual.Individual object at 0x7fbb69652358>
<individual.Individual object at 0x7fbbc4b8d4a8>
<individual.Individual object at 0x7fbbc4b7eb38>
<individual.Individual object at 0x7fbbc4c23828>
<individual.Individual object at 0x7fbbc48d0550>
<individual.Individual object at 0x7fbbc4b8d4a8>
<individual.Individual object at 0x7fbbc4c9cda0>
<individual.Individual object at 0x7fbbc4b2e748>
<individual.Individual object at 0x7fbbc47852b0>
<individual.Individual object at 0x7fbbc486df98>
<individual.Individual object at 0x7fbbc47852b0>
<individual.Individual object at 0x7fbbc4b31160>
<individual.Individual object at 0x7fbbc4b75f98>
<individual.Individual object at 0x7fbbc4ad0be0>
<individual.Individual object at 0x7fbbc49c4048>
<individual.Individual object at 0x7fbbc4c63d68>
<individual.Individual object at 0x7fbbc48d0550>
<individual.Individual object at 0x7fbbc4797470>
<individual.Individual object at 0x7fbbc4b7eb38>
<individual.Individual object at 0x7fbbc4307da0>
<individual.Individual object at 0x7fbbc4c23828>
<individual.Individual object at 0x7fbbc4b7eb38>
<individual.Individual object at 0x7fbbc4c9cda0>
<individual.Individual object at 0x7fbbc4c149b0>
<individual.Individual object at 0x7fbbc4b1ef28>
Start Crossover
Start Generation=12
Now Best score: -23196.5 Best Individual <individual.Individual object at 0x7fbbc2a38f28>
Start Mutation
<individual.Individual object at 0x7fbbc4b2e860>
<individual.Individual object at 0x7fbbc48321d0>
<individual.Individual object at 0x7fbbc4b35a58>
<individual.Individual object at 0x7fbbc4ad0390>
<individual.Individual object at 0x7fbbc474ef28>
<individual.Individual object at 0x7fbbc474ef28>
<individual.Individual object at 0x7fbbc4b0d358>
<individual.Individual object at 0x7fbbc4ad0390>
<individual.Individual object at 0x7fbbc4b35a58>
<individual.Individual object at 0x7fbbc48347b8>
<individual.Individual object at 0x7fbbc4ad0390>
<individual.Individual object at 0x7fbbc4b0d358>
<individual.Individual object at 0x7fbbc49ef208>
<individual.Individual object at 0x7fbbc4933f60>
<individual.Individual object at 0x7fbbc4b2e748>
<individual.Individual object at 0x7fbbc4933f60>
<individual.Individual object at 0x7fbbc474ef28>
<individual.Individual object at 0x7fbbc486df98>
<individual.Individual object at 0x7fbbc4c23828>
<individual.Individual object at 0x7fbbc4b40ef0>
<individual.Individual object at 0x7fbbc491f1d0>
<individual.Individual object at 0x7fbbc4b35b00>
<individual.Individual object at 0x7fbbc4834588>
<individual.Individual object at 0x7fbbc4ad0be0>
<individual.Individual object at 0x7fbbc496c5c0>
Start Crossover
Start Generation=13
Now Best score: -23196.5 Best Individual <individual.Individual object at 0x7fbbc2a38f28>
Start Mutation
<individual.Individual object at 0x7fbbc4b75f98>
<individual.Individual object at 0x7fbbc4933f60>
<individual.Individual object at 0x7fbbc4ad0be0>
<individual.Individual object at 0x7fbbc47c0940>
<individual.Individual object at 0x7fbbc4b40ef0>
<individual.Individual object at 0x7fbbc48d0550>
<individual.Individual object at 0x7fbbc4c63d68>
<individual.Individual object at 0x7fbbc4933b70>
<individual.Individual object at 0x7fbbc4882f28>
<individual.Individual object at 0x7fbbc4b0d358>
<individual.Individual object at 0x7fbbc4b35a58>
<individual.Individual object at 0x7fbbc4ad0390>
<individual.Individual object at 0x7fbbc4c149b0>
<individual.Individual object at 0x7fbbc4a3a630>
<individual.Individual object at 0x7fbbc4b31320>
<individual.Individual object at 0x7fbbc49c4048>
<individual.Individual object at 0x7fbbc4b35a58>
<individual.Individual object at 0x7fbbc4307da0>
<individual.Individual object at 0x7fbbc486df98>
<individual.Individual object at 0x7fbbc4b75b00>
<individual.Individual object at 0x7fbbc48d0550>
<individual.Individual object at 0x7fbbc481c860>
<individual.Individual object at 0x7fbbc492a438>
<individual.Individual object at 0x7fbbc4b75b00>
<individual.Individual object at 0x7fbbc4ad0be0>
Start Crossover
Start Generation=14
Now Best score: -23196.5 Best Individual <individual.Individual object at 0x7fbbc2a38f28>
Start Mutation
<individual.Individual object at 0x7fbbc4b10b38>
<individual.Individual object at 0x7fbbc4b10b38>
<individual.Individual object at 0x7fbbc48af898>
<individual.Individual object at 0x7fbbc4972fd0>
<individual.Individual object at 0x7fbbc4c23828>
<individual.Individual object at 0x7fbbc4a3a390>
<individual.Individual object at 0x7fbbc4c99f28>
<individual.Individual object at 0x7fbbc4b35b00>
<individual.Individual object at 0x7fbbc4c999b0>
<individual.Individual object at 0x7fbbc4307da0>
<individual.Individual object at 0x7fbbc490d5c0>
<individual.Individual object at 0x7fbbc4933f60>
<individual.Individual object at 0x7fbbc4b35a58>
<individual.Individual object at 0x7fbbc481c860>
<individual.Individual object at 0x7fbbc4b0d358>
<individual.Individual object at 0x7fbbc4c149b0>
<individual.Individual object at 0x7fbbc4a3a940>
<individual.Individual object at 0x7fbbc48d0550>
<individual.Individual object at 0x7fbbc4933f60>
<individual.Individual object at 0x7fbbc48321d0>
<individual.Individual object at 0x7fbbc2acd7f0>
<individual.Individual object at 0x7fbbc4307da0>
<individual.Individual object at 0x7fbbc4b2e860>
<individual.Individual object at 0x7fbbc48321d0>
<individual.Individual object at 0x7fbbc2adb860>
Start Crossover
Start Generation=15
Now Best score: -22682.21875 Best Individual <individual.Individual object at 0x7fbbc49ef668>
Start Mutation
<individual.Individual object at 0x7fbbc4c999b0>
<individual.Individual object at 0x7fbbc47c03c8>
<individual.Individual object at 0x7fbbc4933b70>
<individual.Individual object at 0x7fbbc48d0e10>
<individual.Individual object at 0x7fbbc48d0550>
<individual.Individual object at 0x7fbbc496c5c0>
<individual.Individual object at 0x7fbbc4a3a390>
<individual.Individual object at 0x7fbbc4933b70>
<individual.Individual object at 0x7fbbc4b8d4a8>
<individual.Individual object at 0x7fbbc4ab96a0>
<individual.Individual object at 0x7fbbc2acd358>
<individual.Individual object at 0x7fbbc4c999b0>
<individual.Individual object at 0x7fbbc49ef668>
<individual.Individual object at 0x7fbbc491f1d0>
<individual.Individual object at 0x7fbbc4933b70>
<individual.Individual object at 0x7fbbc4c0c908>
<individual.Individual object at 0x7fbbc2adb860>
<individual.Individual object at 0x7fbbc490d5c0>
<individual.Individual object at 0x7fbbc4882f28>
<individual.Individual object at 0x7fbbc4c0c908>
<individual.Individual object at 0x7fbbc4ad0390>
<individual.Individual object at 0x7fbbc4c99f28>
<individual.Individual object at 0x7fbbc4b1ef28>
<individual.Individual object at 0x7fbbc4b8d4a8>
<individual.Individual object at 0x7fbbc4c63d68>
Start Crossover
Start Generation=16
Now Best score: -22682.21875 Best Individual <individual.Individual object at 0x7fbbc49ef668>
Start Mutation
<individual.Individual object at 0x7fbbc492a438>
<individual.Individual object at 0x7fbbc4ad0390>
<individual.Individual object at 0x7fbbc2a38f28>
<individual.Individual object at 0x7fbbc486df98>
<individual.Individual object at 0x7fbbc4a3a390>
<individual.Individual object at 0x7fbbc4b8d828>
<individual.Individual object at 0x7fbbc4b2e860>
<individual.Individual object at 0x7fbbc2acd7f0>
<individual.Individual object at 0x7fbbc486df98>
<individual.Individual object at 0x7fbbc47c0940>
<individual.Individual object at 0x7fbbc4933b70>
<individual.Individual object at 0x7fbbc47c03c8>
<individual.Individual object at 0x7fbbc4933d68>
<individual.Individual object at 0x7fbbc4c99f28>
<individual.Individual object at 0x7fbbc4c999b0>
<individual.Individual object at 0x7fbbc2a38ba8>
<individual.Individual object at 0x7fbbc4a3a390>
<individual.Individual object at 0x7fbbc48a2630>
<individual.Individual object at 0x7fbbc2adb860>
<individual.Individual object at 0x7fbbc491f1d0>
<individual.Individual object at 0x7fbbc2a38f28>
<individual.Individual object at 0x7fbbc2a7b9e8>
<individual.Individual object at 0x7fbbc491f1d0>
<individual.Individual object at 0x7fbbc4b75f98>
<individual.Individual object at 0x7fbbc2acd358>
Start Crossover
Start Generation=17
Now Best score: -22682.21875 Best Individual <individual.Individual object at 0x7fbbc49ef668>
Start Mutation
<individual.Individual object at 0x7fbbc480fcc0>
<individual.Individual object at 0x7fbbc4b0d358>
<individual.Individual object at 0x7fbb69652c18>
<individual.Individual object at 0x7fbbc496c5c0>
<individual.Individual object at 0x7fbbc49ef668>
<individual.Individual object at 0x7fbbc4b75f98>
<individual.Individual object at 0x7fbbc48a2630>
<individual.Individual object at 0x7fbbc4ca2e48>
<individual.Individual object at 0x7fbbc4972a90>
<individual.Individual object at 0x7fbbc4b8d828>
<individual.Individual object at 0x7fbbc4c99f28>
<individual.Individual object at 0x7fbbc4882f28>
<individual.Individual object at 0x7fbbc4b35a58>
<individual.Individual object at 0x7fbbc43074e0>
<individual.Individual object at 0x7fbbc2a38748>
<individual.Individual object at 0x7fbbc43074e0>
<individual.Individual object at 0x7fbbc4c0c908>
<individual.Individual object at 0x7fbbc4b2e860>
<individual.Individual object at 0x7fbbc4c63d68>
<individual.Individual object at 0x7fbbc4b75b00>
<individual.Individual object at 0x7fbbc4933f60>
<individual.Individual object at 0x7fbbc2a7bdd8>
<individual.Individual object at 0x7fbbc496c5c0>
<individual.Individual object at 0x7fbbc49c06a0>
<individual.Individual object at 0x7fbbc4c63d68>
Start Crossover
