    _                _                      
   / \   ___ ___ ___| | ___ _ __ __ _ _   _ 
  / _ \ / __/ __/ _ \ |/ _ \ '__/ _` | | | |
 / ___ \ (_| (_|  __/ |  __/ | | (_| | |_| |
/_/   \_\___\___\___|_|\___|_|  \__, |\__, |
                                |___/ |___/ 

Info: generating outputs according to the following specified output flags... 
 Please use the -f flag to update the preference (default to all output files) 
{'ERT': 1, 'ERT_summary': 1, 'ART': 1, 'ART_summary': 1, 'energy_estimation': 1, 'flattened_arch': 1}
Warn: Cannot recognize the top key "mapper" in file /home/wangzhao/timeloop-dev/timeloop/exp/multi_layer/db/mapper/mapper.yaml 
Warn: Cannot recognize the top key "architecture_constraints" in file /home/wangzhao/timeloop-dev/timeloop/exp/multi_layer/db/constraints/constraints.yaml 
Warn: Cannot recognize the top key "problem" in file /home/wangzhao/timeloop-dev/timeloop/exp/multi_layer/db/prob/vgg16_layer1.yaml 
Info: Parsing file /home/wangzhao/timeloop-dev/timeloop/exp/multi_layer/result/vgg16_layer1/modified_arch.yaml for architecture info 
Info: Parsing file /home/wangzhao/timeloop-dev/timeloop/exp/multi_layer/db/arch/components/smartbuffer_RF.yaml for compound_components info 
Info: Parsing file /home/wangzhao/timeloop-dev/timeloop/exp/multi_layer/db/arch/components/smartbuffer_SRAM.yaml for compound_components info 
Info: config file located: /home/wangzhao/.config/accelergy/accelergy_config.yaml 
config file content: 
 {'estimator_plug_ins': ['/home/wangzhao/.pyenv/versions/3.6.9/share/accelergy/estimation_plug_ins'], 'primitive_components': ['/home/wangzhao/.pyenv/versions/3.6.9/share/accelergy/primitive_component_libs'], 'version': 0.3}
Info: primitive component file parsed:  /home/wangzhao/.pyenv/versions/3.6.9/share/accelergy/primitive_component_libs/soc_primitives.lib.yaml 
Info: primitive component file parsed:  /home/wangzhao/.pyenv/versions/3.6.9/share/accelergy/primitive_component_libs/pim_primitive_component.lib.yaml 
Info: primitive component file parsed:  /home/wangzhao/.pyenv/versions/3.6.9/share/accelergy/primitive_component_libs/primitive_component.lib.yaml 
Info: estimator plug-in identified by:  /home/wangzhao/.pyenv/versions/3.6.9/share/accelergy/estimation_plug_ins/dummy_tables/dummy.estimator.yaml 
Info: estimator plug-in identified by:  /home/wangzhao/.pyenv/versions/3.6.9/share/accelergy/estimation_plug_ins/accelergy-cacti-plug-in/cacti.estimator.yaml 
Info: estimator plug-in identified by:  /home/wangzhao/.pyenv/versions/3.6.9/share/accelergy/estimation_plug_ins/accelergy-aladdin-plug-in/aladdin.estimator.yaml 
Info: CACTI plug-in... Querying CACTI for request:
 {'class_name': 'SRAM', 'attributes': {'block-size': 32, 'depth': 8192, 'width': 256, 'word-bits': 8, 'technology': '40nm', 'n_rd_ports': 0, 'n_wr_ports': 0, 'n_rdwr_ports': 1, 'n_banks': 1, 'latency': '5ns'}, 'action_name': 'read', 'arguments': {'data_delta': 0, 'address_delta': 0}}
copy  /home/wangzhao/.pyenv/versions/3.6.9/share/accelergy/estimation_plug_ins/accelergy-cacti-plug-in/default_SRAM.cfg  to  /home/wangzhao/.pyenv/versions/3.6.9/share/accelergy/estimation_plug_ins/accelergy-cacti-plug-in/cacti/timeloop-mapper.04_14_23_25_45_SRAM.cfg
CACTI plug-in removing temp file:  /home/wangzhao/.pyenv/versions/3.6.9/share/accelergy/estimation_plug_ins/accelergy-cacti-plug-in/cacti/timeloop-mapper.04_14_23_25_45_SRAM.cfg
Warn: No action counts are specified as yaml input 
Info: flattened architecture is saved to: ./timeloop-mapper.flattened_architecture.yaml 
Info: energy reference table is saved to: ./timeloop-mapper.ERT.yaml 
Info: energy reference table summary is saved to: ./timeloop-mapper.ERT_summary.yaml 
Warn: no runtime energy estimations are generated... not generating energy_estimation.yaml 
Info: area reference table is saved to: ./timeloop-mapper.ART.yaml 
Info: area reference table summary is saved to: ./timeloop-mapper.ART_summary.yaml 
