    _                _                      
   / \   ___ ___ ___| | ___ _ __ __ _ _   _ 
  / _ \ / __/ __/ _ \ |/ _ \ '__/ _` | | | |
 / ___ \ (_| (_|  __/ |  __/ | | (_| | |_| |
/_/   \_\___\___\___|_|\___|_|  \__, |\__, |
                                |___/ |___/ 

Info: generating outputs according to the following specified output flags... 
 Please use the -f flag to update the preference (default to all output files) 
{'ERT': 1, 'ERT_summary': 1, 'ART': 1, 'ART_summary': 1, 'energy_estimation': 1, 'flattened_arch': 1}
Warn: Cannot recognize the top key "mapping" in file dump_mapping.yaml 
Warn: Cannot recognize the top key "problem" in file /home/wangzhao/timeloop-dev/focus/db/bert/bert_layer58.yaml 
Info: Parsing file /home/wangzhao/timeloop-dev/focus/result-512g/bert_layer58_4/modified_arch.yaml for architecture info 
Info: Parsing file /home/wangzhao/timeloop-dev/focus/db/arch/components/smartbuffer_RF.yaml for compound_components info 
Info: Parsing file /home/wangzhao/timeloop-dev/focus/db/arch/components/lmac.yaml for compound_components info 
Info: Parsing file /home/wangzhao/timeloop-dev/focus/db/arch/components/reg_storage.yaml for compound_components info 
Info: Parsing file /home/wangzhao/timeloop-dev/focus/db/arch/components/smartbuffer_SRAM.yaml for compound_components info 
Info: config file located: /home/wangzhao/.config/accelergy/accelergy_config.yaml 
config file content: 
 {'estimator_plug_ins': ['/home/wangzhao/.pyenv/versions/3.6.9/share/accelergy/estimation_plug_ins'], 'primitive_components': ['/home/wangzhao/.pyenv/versions/3.6.9/share/accelergy/primitive_component_libs'], 'version': 0.3}
Info: primitive component file parsed:  /home/wangzhao/.pyenv/versions/3.6.9/share/accelergy/primitive_component_libs/soc_primitives.lib.yaml 
Info: primitive component file parsed:  /home/wangzhao/.pyenv/versions/3.6.9/share/accelergy/primitive_component_libs/pim_primitive_component.lib.yaml 
Info: primitive component file parsed:  /home/wangzhao/.pyenv/versions/3.6.9/share/accelergy/primitive_component_libs/primitive_component.lib.yaml 
Info: estimator plug-in identified by:  /home/wangzhao/.pyenv/versions/3.6.9/share/accelergy/estimation_plug_ins/dummy_tables/dummy.estimator.yaml 
Info: estimator plug-in identified by:  /home/wangzhao/.pyenv/versions/3.6.9/share/accelergy/estimation_plug_ins/accelergy-cacti-plug-in/cacti.estimator.yaml 
Info: estimator plug-in identified by:  /home/wangzhao/.pyenv/versions/3.6.9/share/accelergy/estimation_plug_ins/accelergy-aladdin-plug-in/aladdin.estimator.yaml 
Warn: No action counts are specified as yaml input 
Info: flattened architecture is saved to: ./timeloop-model.flattened_architecture.yaml 
Info: energy reference table is saved to: ./timeloop-model.ERT.yaml 
Info: energy reference table summary is saved to: ./timeloop-model.ERT_summary.yaml 
Warn: no runtime energy estimations are generated... not generating energy_estimation.yaml 
Info: area reference table is saved to: ./timeloop-model.ART.yaml 
Info: area reference table summary is saved to: ./timeloop-model.ART_summary.yaml 
